<?xml version="1.0" encoding="UTF-8"?>
<testng-results ignored="0" total="3" passed="3" failed="0" skipped="0">
  <reporter-output>
  </reporter-output>
  <suite started-at="2023-08-22T13:07:05 IST" name="Default suite" finished-at="2023-08-22T13:07:13 IST" duration-ms="8506">
    <groups>
    </groups>
    <test started-at="2023-08-22T13:07:05 IST" name="Default test" finished-at="2023-08-22T13:07:13 IST" duration-ms="8506">
      <class name="in.reqres.lessonEndProject.create_verify_update_delete_user">
        <test-method is-config="true" signature="setUp()[pri:0, instance:in.reqres.lessonEndProject.create_verify_update_delete_user@5fb759d6]" started-at="2023-08-22T13:07:05 IST" name="setUp" finished-at="2023-08-22T13:07:05 IST" duration-ms="152" status="PASS">
          <reporter-output>
          </reporter-output>
        </test-method> <!-- setUp -->
        <test-method signature="createUser()[pri:0, instance:in.reqres.lessonEndProject.create_verify_update_delete_user@5fb759d6]" started-at="2023-08-22T13:07:05 IST" name="createUser" finished-at="2023-08-22T13:07:09 IST" duration-ms="4694" status="PASS">
          <reporter-output>
          </reporter-output>
        </test-method> <!-- createUser -->
        <test-method signature="updateUser()[pri:1, instance:in.reqres.lessonEndProject.create_verify_update_delete_user@5fb759d6]" started-at="2023-08-22T13:07:09 IST" name="updateUser" finished-at="2023-08-22T13:07:12 IST" duration-ms="2046" status="PASS">
          <reporter-output>
          </reporter-output>
        </test-method> <!-- updateUser -->
        <test-method signature="deleteUser()[pri:2, instance:in.reqres.lessonEndProject.create_verify_update_delete_user@5fb759d6]" started-at="2023-08-22T13:07:12 IST" name="deleteUser" finished-at="2023-08-22T13:07:13 IST" duration-ms="1586" status="PASS">
          <reporter-output>
          </reporter-output>
        </test-method> <!-- deleteUser -->
      </class> <!-- in.reqres.lessonEndProject.create_verify_update_delete_user -->
    </test> <!-- Default test -->
  </suite> <!-- Default suite -->
</testng-results>
