<?xml version="1.0" encoding="UTF-8"?>
<!-- Generated by org.testng.reporters.JUnitXMLReporter -->
<testsuite ignored="0" hostname="DESKTOP-I5F2NBJ" failures="0" tests="3" name="Default test" time="8.506" errors="0" timestamp="2023-08-22T13:07:13 IST">
  <testcase classname="in.reqres.lessonEndProject.create_verify_update_delete_user" name="createUser" time="4.694"/>
  <testcase classname="in.reqres.lessonEndProject.create_verify_update_delete_user" name="updateUser" time="2.046"/>
  <testcase classname="in.reqres.lessonEndProject.create_verify_update_delete_user" name="deleteUser" time="1.586"/>
</testsuite> <!-- Default test -->
